This file contains any messages produced by compilers while
running configure, to aid debugging if configure makes a mistake.

It was created by configure, which was
generated by GNU Autoconf 2.52.  Invocation command line was

  $ ./configure 

## ---------- ##
## Platform.  ##
## ---------- ##

hostname = linfinit
uname -m = i686
uname -r = 2.4.18-4GB
uname -s = Linux
uname -v = #1 Fri Aug 2 08:59:25 UTC 2002

/usr/bin/uname -p = unknown
/bin/uname -X     = unknown

/bin/arch              = i686
/usr/bin/arch -k       = unknown
/usr/convex/getsysinfo = unknown
hostinfo               = unknown
/bin/machine           = unknown
/usr/bin/oslevel       = unknown
/bin/universe          = unknown

PATH = /home/leopardi/bin:/usr/local/bin:/usr/bin:/usr/X11R6/bin:/bin:/usr/games:/opt/gnome/bin:/opt/kde3/bin:/opt/kde2/bin:/opt/kde/bin:/usr/lib/java/bin:/opt/gnome/bin

## ------------ ##
## Core tests.  ##
## ------------ ##

configure:1115: PATH=".;."; conftest.sh
./configure: conftest.sh: command not found
configure:1118: $? = 127
configure:1160: checking build system type
configure:1178: result: i686-pc-linux-gnu
configure:1188: checking host system type
configure:1202: result: i686-pc-linux-gnu
configure:1212: checking target system type
configure:1226: result: i686-pc-linux-gnu
configure:1272: checking for a BSD compatible install
configure:1321: result: /usr/bin/install -c
configure:1335: checking for -p flag to install
configure:1348: result: yes
configure:1359: checking whether build environment is sane
configure:1402: result: yes
configure:1422: checking for mawk
configure:1448: result: no
configure:1422: checking for gawk
configure:1437: found /usr/bin/gawk
configure:1445: result: gawk
configure:1455: checking whether make sets ${MAKE}
configure:1475: result: yes
configure:1653: checking for style of include used by make
configure:1680: result: GNU
configure:1819: checking for gcc
configure:1842: result: gcc
configure:2070: checking for C compiler version
configure:2073: gcc --version </dev/null >&5
gcc (GCC) 3.1.1 20020722 (prerelease) (SuSE Linux)
Copyright (C) 2002 Free Software Foundation, Inc.
This is free software; see the source for copying conditions.  There is NO
warranty; not even for MERCHANTABILITY or FITNESS FOR A PARTICULAR PURPOSE.

configure:2076: $? = 0
configure:2078: gcc -v </dev/null >&5
Reading specs from /usr/lib/gcc-lib/i486-suse-linux/3.1.1/specs
Configured with: ../configure --enable-threads=posix --prefix=/usr --with-local-prefix=/usr/local --infodir=/usr/share/info --mandir=/usr/share/man --libdir=/usr/lib --enable-languages=c,c++,f77,objc,java,ada --enable-libgcj --with-gxx-include-dir=/usr/include/g++ --with-slibdir=/lib --with-system-zlib --enable-shared --enable-__cxa_atexit i486-suse-linux
Thread model: posix
gcc version 3.1.1 20020722 (prerelease) (SuSE Linux)
configure:2081: $? = 0
configure:2083: gcc -V </dev/null >&5
gcc: argument to `-V' is missing
configure:2086: $? = 1
configure:2106: checking for C compiler default output
configure:2109: gcc     conftest.c  >&5
configure:2112: $? = 0
configure:2141: result: a.out
configure:2146: checking whether the C compiler works
configure:2152: ./a.out
configure:2155: $? = 0
configure:2170: result: yes
configure:2177: checking whether we are cross compiling
configure:2179: result: no
configure:2182: checking for executable suffix
configure:2184: gcc -o conftest     conftest.c  >&5
configure:2187: $? = 0
configure:2209: result: 
configure:2215: checking for object suffix
configure:2233: gcc -c    conftest.c >&5
configure:2236: $? = 0
configure:2255: result: o
configure:2259: checking whether we are using the GNU C compiler
configure:2280: gcc -c    conftest.c >&5
configure:2283: $? = 0
configure:2286: test -s conftest.o
configure:2289: $? = 0
configure:2301: result: yes
configure:2307: checking whether gcc accepts -g
configure:2325: gcc -c -g  conftest.c >&5
configure:2328: $? = 0
configure:2331: test -s conftest.o
configure:2334: $? = 0
configure:2344: result: yes
configure:2371: gcc -c    conftest.c >&5
conftest.c:2: parse error before "me"
configure:2374: $? = 1
configure: failed program was:
#ifndef __cplusplus
  choke me
#endif
configure:2474: checking dependency style of gcc
configure:2536: result: gcc3
configure:2545: checking how to run the C preprocessor
configure:2647: result: cpp
configure:2662: cpp  conftest.c
configure:2668: $? = 0
configure:2695: cpp  conftest.c
configure:2692:28: ac_nonexistent.h: No such file or directory
configure:2701: $? = 1
configure: failed program was:
#line 2691 "configure"
#include "confdefs.h"
#include <ac_nonexistent.h>
configure:2854: checking for C++ compiler version
configure:2857: g++ --version </dev/null >&5
g++ (GCC) 3.1.1 20020722 (prerelease) (SuSE Linux)
Copyright (C) 2002 Free Software Foundation, Inc.
This is free software; see the source for copying conditions.  There is NO
warranty; not even for MERCHANTABILITY or FITNESS FOR A PARTICULAR PURPOSE.

configure:2860: $? = 0
configure:2862: g++ -v </dev/null >&5
Reading specs from /usr/lib/gcc-lib/i486-suse-linux/3.1.1/specs
Configured with: ../configure --enable-threads=posix --prefix=/usr --with-local-prefix=/usr/local --infodir=/usr/share/info --mandir=/usr/share/man --libdir=/usr/lib --enable-languages=c,c++,f77,objc,java,ada --enable-libgcj --with-gxx-include-dir=/usr/include/g++ --with-slibdir=/lib --with-system-zlib --enable-shared --enable-__cxa_atexit i486-suse-linux
Thread model: posix
gcc version 3.1.1 20020722 (prerelease) (SuSE Linux)
configure:2865: $? = 0
configure:2867: g++ -V </dev/null >&5
g++: argument to `-V' missing

configure:2870: $? = 1
configure:2873: checking whether we are using the GNU C++ compiler
configure:2894: g++ -c    conftest.cc >&5
configure:2897: $? = 0
configure:2900: test -s conftest.o
configure:2903: $? = 0
configure:2915: result: yes
configure:2921: checking whether g++ accepts -g
configure:2939: g++ -c -g  conftest.cc >&5
configure:2942: $? = 0
configure:2945: test -s conftest.o
configure:2948: $? = 0
configure:2958: result: yes
configure:2998: g++ -c    conftest.cc >&5
configure:3001: $? = 0
configure:3004: test -s conftest.o
configure:3007: $? = 0
configure:3029: g++ -c    conftest.cc >&5
configure: In function `int main()':
configure:3022: `exit' undeclared (first use this function)
configure:3022: (Each undeclared identifier is reported only once for each 
   function it appears in.)
configure:3032: $? = 1
configure: failed program was:
#line 3017 "configure"
#include "confdefs.h"

int
main ()
{
exit (42);
  ;
  return 0;
}
configure:2998: g++ -c    conftest.cc >&5
configure:3001: $? = 0
configure:3004: test -s conftest.o
configure:3007: $? = 0
configure:3029: g++ -c    conftest.cc >&5
configure:3032: $? = 0
configure:3035: test -s conftest.o
configure:3038: $? = 0
configure:3062: checking dependency style of g++
configure:3124: result: gcc3
configure:3374: checking whether g++ supports -Wundef
configure:3404: rm -rf SunWS_cache; g++ -o conftest -Wall -pedantic -W -Wpointer-arith -Wmissing-prototypes -Wwrite-strings -ansi -D_XOPEN_SOURCE=500 -D_BSD_SOURCE -Wcast-align -Wconversion -O2   -Wundef   conftest.cc  1>&5
configure:3407: $? = 0
configure:3410: test -s conftest
configure:3413: $? = 0
configure:3431: result: yes
configure:3442: checking whether g++ supports -Wbad-function-cast
configure:3472: rm -rf SunWS_cache; g++ -o conftest -Wundef -Wall -pedantic -W -Wpointer-arith -Wmissing-prototypes -Wwrite-strings -ansi -D_XOPEN_SOURCE=500 -D_BSD_SOURCE -Wcast-align -Wconversion -O2   -Wbad-function-cast   conftest.cc  1>&5
cc1plus: warning: ignoring command line option '-Wbad-function-cast'
configure:3475: $? = 0
configure:3478: test -s conftest
configure:3481: $? = 0
configure:3499: result: yes
configure:3510: checking whether g++ supports -Wno-long-long
configure:3540: rm -rf SunWS_cache; g++ -o conftest -Wbad-function-cast -Wundef -Wall -pedantic -W -Wpointer-arith -Wmissing-prototypes -Wwrite-strings -ansi -D_XOPEN_SOURCE=500 -D_BSD_SOURCE -Wcast-align -Wconversion -O2   -Wno-long-long   conftest.cc  1>&5
configure:3543: $? = 0
configure:3546: test -s conftest
configure:3549: $? = 0
configure:3567: result: yes
configure:3578: checking whether g++ supports -Wnon-virtual-dtor
configure:3608: rm -rf SunWS_cache; g++ -o conftest -Wno-long-long -Wbad-function-cast -Wundef -Wall -pedantic -W -Wpointer-arith -Wmissing-prototypes -Wwrite-strings -ansi -D_XOPEN_SOURCE=500 -D_BSD_SOURCE -Wcast-align -Wconversion -O2   -Wnon-virtual-dtor   conftest.cc  1>&5
configure:3611: $? = 0
configure:3614: test -s conftest
configure:3617: $? = 0
configure:3635: result: yes
configure:3655: checking whether g++ supports -fno-exceptions
configure:3685: rm -rf SunWS_cache; g++ -o conftest -Wnon-virtual-dtor -Wno-long-long -Wbad-function-cast -Wundef -Wall -pedantic -W -Wpointer-arith -Wmissing-prototypes -Wwrite-strings -ansi -D_XOPEN_SOURCE=500 -D_BSD_SOURCE -Wcast-align -Wconversion -O2   -fno-exceptions   conftest.cc  1>&5
configure:3688: $? = 0
configure:3691: test -s conftest
configure:3694: $? = 0
configure:3712: result: yes
configure:3723: checking whether g++ supports -fno-check-new
configure:3753: rm -rf SunWS_cache; g++ -o conftest -Wnon-virtual-dtor -Wno-long-long -Wbad-function-cast -Wundef -Wall -pedantic -W -Wpointer-arith -Wmissing-prototypes -Wwrite-strings -ansi -D_XOPEN_SOURCE=500 -D_BSD_SOURCE -Wcast-align -Wconversion -O2   -fno-exceptions -fno-check-new   conftest.cc  1>&5
configure:3756: $? = 0
configure:3759: test -s conftest
configure:3762: $? = 0
configure:3780: result: yes
configure:3791: checking whether g++ supports -fexceptions
configure:3821: rm -rf SunWS_cache; g++ -o conftest -Wnon-virtual-dtor -Wno-long-long -Wbad-function-cast -Wundef -Wall -pedantic -W -Wpointer-arith -Wmissing-prototypes -Wwrite-strings -ansi -D_XOPEN_SOURCE=500 -D_BSD_SOURCE -Wcast-align -Wconversion -O2   -fno-exceptions -fno-check-new -fexceptions   conftest.cc  1>&5
configure:3824: $? = 0
configure:3827: test -s conftest
configure:3830: $? = 0
configure:3848: result: yes
configure:4389: checking how to run the C++ preprocessor
configure:4411: g++ -E  conftest.cc
configure:4417: $? = 0
configure:4444: g++ -E  conftest.cc
configure:4441:28: ac_nonexistent.h: No such file or directory
configure:4450: $? = 1
configure: failed program was:
#line 4440 "configure"
#include "confdefs.h"
#include <ac_nonexistent.h>
configure:4487: result: g++ -E
configure:4502: g++ -E  conftest.cc
configure:4508: $? = 0
configure:4535: g++ -E  conftest.cc
configure:4532:28: ac_nonexistent.h: No such file or directory
configure:4541: $? = 1
configure: failed program was:
#line 4531 "configure"
#include "confdefs.h"
#include <ac_nonexistent.h>
configure:4596: checking whether g++ supports -frepo
configure:4626: rm -rf SunWS_cache; g++ -o conftest -Wnon-virtual-dtor -Wno-long-long -Wbad-function-cast -Wundef -Wall -pedantic -W -Wpointer-arith -Wmissing-prototypes -Wwrite-strings -ansi -D_XOPEN_SOURCE=500 -D_BSD_SOURCE -Wcast-align -Wconversion -O2 -fno-exceptions -fno-check-new -frepo   conftest.cc  1>&5
conftest.cc:1: warning: -frepo must be used with -c
configure:4629: $? = 0
configure:4632: test -s conftest
configure:4635: $? = 0
configure:4653: result: yes
configure:4858: checking for ld used by GCC
configure:4922: result: /usr/i486-suse-linux/bin/ld
configure:4931: checking if the linker (/usr/i486-suse-linux/bin/ld) is GNU ld
GNU ld version 2.12.90.0.15 20020717 (SuSE)
configure:4943: result: yes
configure:4947: checking for /usr/i486-suse-linux/bin/ld option to reload object files
configure:4954: result: -r
configure:4963: checking for BSD-compatible nm
configure:4998: result: /usr/bin/nm -B
configure:5002: checking for a sed that does not truncate output
configure:5078: result: 
configure:5081: checking whether ln -s works
configure:5085: result: yes
configure:5092: checking how to recognise dependant libraries
configure:5279: result: pass_all
configure:5347: gcc -c -ansi -W -Wall -pedantic -Wshadow -Wpointer-arith -Wmissing-prototypes -Wwrite-strings -D_XOPEN_SOURCE=500 -D_BSD_SOURCE -O2    conftest.c >&5
configure:5350: $? = 0
configure:5432: checking for dlfcn.h
configure:5442: cpp  conftest.c
configure:5448: $? = 0
configure:5467: result: yes
configure:5480: checking the maximum length of command line arguments
configure:5528: result: 32768
configure:5536: checking command to parse /usr/bin/nm -B output from gcc object
configure:5621: gcc -c -ansi -W -Wall -pedantic -Wshadow -Wpointer-arith -Wmissing-prototypes -Wwrite-strings -D_XOPEN_SOURCE=500 -D_BSD_SOURCE -O2    conftest.c >&5
conftest.c:5: warning: no previous prototype for `nm_test_func'
configure:5624: $? = 0
configure:5628: /usr/bin/nm -B conftest.o \| sed -n -e 's/^.*[ 	]\([ABCDGISTW][ABCDGISTW]*\)[ 	][ 	]*\(\)\([_A-Za-z][_A-Za-z0-9]*\)$/\1 \2\3 \3/p' \> conftest.nm
configure:5631: $? = 0
configure:5683: gcc -o conftest -ansi -W -Wall -pedantic -Wshadow -Wpointer-arith -Wmissing-prototypes -Wwrite-strings -D_XOPEN_SOURCE=500 -D_BSD_SOURCE -O2     conftest.c conftstm.o >&5
configure:5686: $? = 0
configure:5724: result: ok
configure:5728: checking for objdir
configure:5743: result: .libs
configure:5826: checking for ranlib
configure:5841: found /usr/bin/ranlib
configure:5850: result: ranlib
configure:5900: checking for strip
configure:5915: found /usr/bin/strip
configure:5924: result: strip
configure:6181: checking if gcc static flag  works
conftest.c:1: warning: return type defaults to `int'
configure:6204: result: no
configure:6218: checking if gcc supports -fno-rtti -fno-exceptions
cc1: warning: ignoring command line option '-fno-rtti'
cc1: warning: (it is valid for C++ but not the selected language)
cc1: warning: ignoring command line option '-fno-rtti'
cc1: warning: (it is valid for C++ but not the selected language)
configure:6242: result: no
configure:6257: checking for gcc option to produce PIC
configure:6410: result: -fPIC
configure:6417: checking if gcc PIC flag -fPIC works
configure:6441: result: yes
configure:6465: checking if gcc supports -c -o file.o
configure:6506: result: yes
configure:6531: checking whether the gcc linker (/usr/i486-suse-linux/bin/ld) supports shared libraries
configure:7304: result: yes
configure:7326: checking whether -lc should be explicitly linked in
configure:7331: gcc -c -ansi -W -Wall -pedantic -Wshadow -Wpointer-arith -Wmissing-prototypes -Wwrite-strings -D_XOPEN_SOURCE=500 -D_BSD_SOURCE -O2    conftest.c >&5
conftest.c:1: warning: `dummy' defined but not used
configure:7334: $? = 0
configure:7348: gcc -shared conftest.o  -v -Wl,-soname -Wl,conftest -o conftest 2\>\&1 \| grep  -lc  \>/dev/null 2\>\&1
configure:7351: $? = 0
configure:7363: result: no
configure:7369: checking how to hardcode library paths into programs
configure:7393: result: immediate
configure:7407: checking whether stripping libraries is possible
configure:7412: result: yes
configure:7419: checking dynamic linker characteristics
configure:7870: result: GNU/Linux ld.so
configure:7895: checking for shl_load
configure:7932: gcc -o conftest -ansi -W -Wall -pedantic -Wshadow -Wpointer-arith -Wmissing-prototypes -Wwrite-strings -D_XOPEN_SOURCE=500 -D_BSD_SOURCE -O2     conftest.c  >&5
/tmp/cc2QuIa9.o: In function `main':
/tmp/cc2QuIa9.o(.text+0xf): undefined reference to `shl_load'
collect2: ld returned 1 exit status
configure:7935: $? = 1
configure: failed program was:
#line 7901 "configure"
#include "confdefs.h"
/* System header to define __stub macros and hopefully few prototypes,
    which can conflict with char shl_load (); below.  */
#include <assert.h>
/* Override any gcc2 internal prototype to avoid an error.  */
#ifdef __cplusplus
extern "C"
#endif
/* We use char because int might match the return type of a gcc2
   builtin and then its argument prototype would still apply.  */
char shl_load ();
char (*f) ();

int
main ()
{
/* The GNU C library defines this for functions which it implements
    to always fail with ENOSYS.  Some functions are actually named
    something starting with __ and the normal name is an alias.  */
#if defined (__stub_shl_load) || defined (__stub___shl_load)
choke me
#else
f = shl_load;
#endif

  ;
  return 0;
}
configure:7951: result: no
configure:7956: checking for shl_load in -ldld
configure:7983: gcc -o conftest -ansi -W -Wall -pedantic -Wshadow -Wpointer-arith -Wmissing-prototypes -Wwrite-strings -D_XOPEN_SOURCE=500 -D_BSD_SOURCE -O2     conftest.c -ldld   >&5
/usr/lib/gcc-lib/i486-suse-linux/3.1.1/../../../../i486-suse-linux/bin/ld: cannot find -ldld
collect2: ld returned 1 exit status
configure:7986: $? = 1
configure: failed program was:
#line 7964 "configure"
#include "confdefs.h"

/* Override any gcc2 internal prototype to avoid an error.  */
#ifdef __cplusplus
extern "C"
#endif
/* We use char because int might match the return type of a gcc2
   builtin and then its argument prototype would still apply.  */
char shl_load ();
int
main ()
{
shl_load ();
  ;
  return 0;
}
configure:8003: result: no
configure:8008: checking for dlopen
configure:8045: gcc -o conftest -ansi -W -Wall -pedantic -Wshadow -Wpointer-arith -Wmissing-prototypes -Wwrite-strings -D_XOPEN_SOURCE=500 -D_BSD_SOURCE -O2     conftest.c  >&5
/tmp/ccCl1nK6.o: In function `main':
/tmp/ccCl1nK6.o(.text+0xf): undefined reference to `dlopen'
collect2: ld returned 1 exit status
configure:8048: $? = 1
configure: failed program was:
#line 8014 "configure"
#include "confdefs.h"
/* System header to define __stub macros and hopefully few prototypes,
    which can conflict with char dlopen (); below.  */
#include <assert.h>
/* Override any gcc2 internal prototype to avoid an error.  */
#ifdef __cplusplus
extern "C"
#endif
/* We use char because int might match the return type of a gcc2
   builtin and then its argument prototype would still apply.  */
char dlopen ();
char (*f) ();

int
main ()
{
/* The GNU C library defines this for functions which it implements
    to always fail with ENOSYS.  Some functions are actually named
    something starting with __ and the normal name is an alias.  */
#if defined (__stub_dlopen) || defined (__stub___dlopen)
choke me
#else
f = dlopen;
#endif

  ;
  return 0;
}
configure:8064: result: no
configure:8069: checking for dlopen in -ldl
configure:8096: gcc -o conftest -ansi -W -Wall -pedantic -Wshadow -Wpointer-arith -Wmissing-prototypes -Wwrite-strings -D_XOPEN_SOURCE=500 -D_BSD_SOURCE -O2     conftest.c -ldl   >&5
configure:8099: $? = 0
configure:8102: test -s conftest
configure:8105: $? = 0
configure:8116: result: yes
configure:8256: checking whether a program can dlopen itself
configure:8328: gcc -o conftest -ansi -W -Wall -pedantic -Wshadow -Wpointer-arith -Wmissing-prototypes -Wwrite-strings -D_XOPEN_SOURCE=500 -D_BSD_SOURCE -O2    -DHAVE_DLFCN_H  -Wl,--export-dynamic conftest.c -ldl  >&5
configure:8311: warning: no previous prototype for `fnord'
configure: In function `fnord':
configure:8311: warning: unused variable `i'
configure: In function `main':
configure:8324: warning: implicit declaration of function `exit'
configure:8331: $? = 0
configure:8348: result: yes
configure:8353: checking whether a statically linked program can dlopen itself
configure:8425: gcc -o conftest -ansi -W -Wall -pedantic -Wshadow -Wpointer-arith -Wmissing-prototypes -Wwrite-strings -D_XOPEN_SOURCE=500 -D_BSD_SOURCE -O2    -DHAVE_DLFCN_H  -Wl,--export-dynamic  conftest.c -ldl  >&5
configure:8408: warning: no previous prototype for `fnord'
configure: In function `fnord':
configure:8408: warning: unused variable `i'
configure: In function `main':
configure:8421: warning: implicit declaration of function `exit'
configure:8428: $? = 0
configure:8445: result: yes
configure:8467: checking if libtool supports shared libraries
configure:8469: result: yes
configure:8472: checking whether to build shared libraries
configure:8493: result: yes
configure:8496: checking whether to build static libraries
configure:8500: result: no
configure:8579: creating libtool
configure:9297: checking whether the g++ linker (/usr/i486-suse-linux/bin/ld) supports shared libraries
configure:9942: result: yes
configure:9958: g++ -c -Wnon-virtual-dtor -Wno-long-long -Wbad-function-cast -Wundef -Wall -pedantic -W -Wpointer-arith -Wmissing-prototypes -Wwrite-strings -ansi -D_XOPEN_SOURCE=500 -D_BSD_SOURCE -Wcast-align -Wconversion -O2 -fno-exceptions -fno-check-new -fexceptions  conftest.cc >&5
configure:9961: $? = 0
configure:10061: checking for g++ option to produce PIC
configure:10297: result: -fPIC
configure:10304: checking if g++ PIC flag -fPIC works
configure:10328: result: yes
configure:10352: checking if g++ supports -c -o file.o
configure:10393: result: yes
configure:10418: checking whether the g++ linker (/usr/i486-suse-linux/bin/ld) supports shared libraries
configure:10440: result: yes
configure:10462: checking whether -lc should be explicitly linked in
configure:10467: g++ -c -Wnon-virtual-dtor -Wno-long-long -Wbad-function-cast -Wundef -Wall -pedantic -W -Wpointer-arith -Wmissing-prototypes -Wwrite-strings -ansi -D_XOPEN_SOURCE=500 -D_BSD_SOURCE -Wcast-align -Wconversion -O2 -fno-exceptions -fno-check-new -fexceptions  conftest.cc >&5
conftest.cc:1: warning: `int dummy' defined but not used
configure:10470: $? = 0
configure:10484: g++ -shared -nostdlib  conftest.o   -v -Wl,-soname -Wl,conftest -o conftest 2\>\&1 \| grep  -lc  \>/dev/null 2\>\&1
configure:10487: $? = 1
configure:10499: result: yes
configure:10505: checking how to hardcode library paths into programs
configure:10529: result: immediate
configure:10543: checking whether stripping libraries is possible
configure:10548: result: yes
configure:10555: checking dynamic linker characteristics
configure:11006: result: GNU/Linux ld.so
configure:11031: checking for shl_load
configure:11087: result: no
configure:11092: checking for shl_load in -ldld
configure:11139: result: no
configure:11144: checking for dlopen
configure:11200: result: no
configure:11205: checking for dlopen in -ldl
configure:11252: result: yes
configure:11392: checking whether a program can dlopen itself
configure:11484: result: yes
configure:11489: checking whether a statically linked program can dlopen itself
configure:11581: result: yes
configure:12013: checking if gcj supports -fno-rtti -fno-exceptions
configure:12037: result: no
configure:12052: checking for gcj option to produce PIC
configure:12205: result: -fPIC
configure:12212: checking if gcj PIC flag -fPIC works
configure:12236: result: no
configure:12260: checking if gcj supports -c -o file.o
configure:12301: result: no
configure:12326: checking whether the gcj linker (/usr/i486-suse-linux/bin/ld) supports shared libraries
configure:13099: result: yes
configure:13121: checking whether -lc should be explicitly linked in
configure:13126: gcj -c -ansi -W -Wall -pedantic -Wshadow -Wpointer-arith -Wmissing-prototypes -Wwrite-strings -D_XOPEN_SOURCE=500 -D_BSD_SOURCE -O2    conftest.java >&5
gcj: can't specify `-D' without `--main'

configure:13129: $? = 1
configure:13158: result: yes
configure:13164: checking how to hardcode library paths into programs
configure:13188: result: immediate
configure:13202: checking whether stripping libraries is possible
configure:13207: result: yes
configure:13214: checking dynamic linker characteristics
configure:13665: result: GNU/Linux ld.so
configure:13690: checking for shl_load
configure:13746: result: no
configure:13751: checking for shl_load in -ldld
configure:13798: result: no
configure:13803: checking for dlopen
configure:13859: result: no
configure:13864: checking for dlopen in -ldl
configure:13911: result: yes
configure:14051: checking whether a program can dlopen itself
configure:14143: result: yes
configure:14148: checking whether a statically linked program can dlopen itself
configure:14240: result: yes
configure:15170: checking for extra includes
configure:15197: result: no
configure:15201: checking for extra libs
configure:15228: result: no
configure:15252: checking if CVS should be compiled
configure:15264: result: no
configure:15252: checking if admin should be compiled
configure:15264: result: no
configure:15252: checking if glucat should be compiled
configure:15264: result: yes
configure:15252: checking if glucat-api should be compiled
configure:15264: result: yes
configure:15252: checking if test should be compiled
configure:15264: result: yes
configure:15368: creating ./config.status

## ----------------------- ##
## Running config.status.  ##
## ----------------------- ##

This file was extended by config.status 2.52, executed with
  CONFIG_FILES    = 
  CONFIG_HEADERS  = 
  CONFIG_LINKS    = 
  CONFIG_COMMANDS = 
  > ./config.status 
on linfinit

config.status:15881: creating ./Makefile
config.status:15881: creating glucat/Makefile
config.status:15881: creating test/Makefile
config.status:15973: creating config.h
config.status:16114: config.h is unchanged

## ----------------- ##
## Cache variables.  ##
## ----------------- ##

ac_cv_build=i686-pc-linux-gnu
ac_cv_build_alias=i686-pc-linux-gnu
ac_cv_c_compiler_gnu=yes
ac_cv_cxx_compiler_gnu=yes
ac_cv_env_CC_set=set
ac_cv_env_CC_value=gcc
ac_cv_env_CFLAGS_set=
ac_cv_env_CFLAGS_value=
ac_cv_env_CPPFLAGS_set=
ac_cv_env_CPPFLAGS_value=
ac_cv_env_CPP_set=set
ac_cv_env_CPP_value=cpp
ac_cv_env_CXXCPP_set=
ac_cv_env_CXXCPP_value=
ac_cv_env_CXXFLAGS_set=
ac_cv_env_CXXFLAGS_value=
ac_cv_env_CXX_set=set
ac_cv_env_CXX_value=g++
ac_cv_env_LDFLAGS_set=
ac_cv_env_LDFLAGS_value=
ac_cv_env_build_alias_set=
ac_cv_env_build_alias_value=
ac_cv_env_host_alias_set=
ac_cv_env_host_alias_value=
ac_cv_env_target_alias_set=
ac_cv_env_target_alias_value=
ac_cv_func_dlopen=no
ac_cv_func_shl_load=no
ac_cv_header_dlfcn_h=yes
ac_cv_host=i686-pc-linux-gnu
ac_cv_host_alias=i686-pc-linux-gnu
ac_cv_lib_dl_dlopen=yes
ac_cv_lib_dld_shl_load=no
ac_cv_objext=o
ac_cv_path_install=$'/usr/bin/install -c'
ac_cv_prog_AWK=gawk
ac_cv_prog_CPP=cpp
ac_cv_prog_CXXCPP=$'g++ -E'
ac_cv_prog_ac_ct_CC=gcc
ac_cv_prog_ac_ct_RANLIB=ranlib
ac_cv_prog_ac_ct_STRIP=strip
ac_cv_prog_cc_g=yes
ac_cv_prog_cxx_g=yes
ac_cv_prog_make_make_set=yes
ac_cv_target=i686-pc-linux-gnu
ac_cv_target_alias=i686-pc-linux-gnu
am_cv_CC_dependencies_compiler_type=gcc3
am_cv_CXX_dependencies_compiler_type=gcc3
kde_cv_prog_cxx_Wbad_function_cast=yes
kde_cv_prog_cxx_Wno_long_long=yes
kde_cv_prog_cxx_Wnon_virtual_dtor=yes
kde_cv_prog_cxx_Wundef=yes
kde_cv_prog_cxx_fexceptions=yes
kde_cv_prog_cxx_fno_check_new=yes
kde_cv_prog_cxx_fno_exceptions=yes
kde_cv_prog_cxx_frepo=yes
lt_cv_deplibs_check_method=pass_all
lt_cv_dlopen=dlopen
lt_cv_dlopen_libs=-ldl
lt_cv_dlopen_self=yes
lt_cv_dlopen_self_static=yes
lt_cv_file_magic_cmd=$'$MAGIC_CMD'
lt_cv_file_magic_test_file=$'/lib/libc.so.6 /lib/libc-*.so'
lt_cv_ld_reload_flag=-r
lt_cv_objdir=.libs
lt_cv_path_LD=/usr/i486-suse-linux/bin/ld
lt_cv_path_NM=$'/usr/bin/nm -B'
lt_cv_path_SED=/usr/bin/sed
lt_cv_prog_compiler_c_o=yes
lt_cv_prog_compiler_c_o_CXX=yes
lt_cv_prog_compiler_c_o_GCJ=no
lt_cv_prog_compiler_rtti_exceptions=no
lt_cv_prog_gnu_ld=yes
lt_cv_sys_global_symbol_pipe=$'sed -n -e \'s/^.*[ \t]\\([ABCDGISTW][ABCDGISTW]*\\)[ \t][ \t]*\\(\\)\\([_A-Za-z][_A-Za-z0-9]*\\)$/\\1 \\2\\3 \\3/p\''
lt_cv_sys_global_symbol_to_c_name_address=$'sed -n -e \'s/^: \\([^ ]*\\) $/  {\\"\\1\\", (lt_ptr) 0},/p\' -e \'s/^[BCDEGRST] \\([^ ]*\\) \\([^ ]*\\)$/  {"\\2", (lt_ptr) \\&\\2},/p\''
lt_cv_sys_global_symbol_to_cdecl=$'sed -n -e \'s/^. .* \\(.*\\)$/extern int \\1;/p\''
lt_cv_sys_max_cmd_len=32768
lt_lt_cv_prog_compiler_c_o=$'"yes"'
lt_lt_cv_prog_compiler_c_o_CXX=$'"yes"'
lt_lt_cv_prog_compiler_c_o_GCJ=$'"no"'
lt_lt_cv_sys_global_symbol_pipe=$'"sed -n -e \'s/^.*[ \t]\\\\([ABCDGISTW][ABCDGISTW]*\\\\)[ \t][ \t]*\\\\(\\\\)\\\\([_A-Za-z][_A-Za-z0-9]*\\\\)\\$/\\\\1 \\\\2\\\\3 \\\\3/p\'"'
lt_lt_cv_sys_global_symbol_to_c_name_address=$'"sed -n -e \'s/^: \\\\([^ ]*\\\\) \\$/  {\\\\\\"\\\\1\\\\\\", (lt_ptr) 0},/p\' -e \'s/^[BCDEGRST] \\\\([^ ]*\\\\) \\\\([^ ]*\\\\)\\$/  {\\"\\\\2\\", (lt_ptr) \\\\&\\\\2},/p\'"'
lt_lt_cv_sys_global_symbol_to_cdecl=$'"sed -n -e \'s/^. .* \\\\(.*\\\\)\\$/extern int \\\\1;/p\'"'

## ------------ ##
## confdefs.h.  ##
## ------------ ##

#define PACKAGE "glucat"
#define VERSION "0.0.7"
#ifdef __cplusplus
#include <stdlib.h>
#endif
#define HAVE_TEMPLATE_REPOSITORY 1
#define HAVE_DLFCN_H 1


configure: exit 0

## ----------------------- ##
## Running config.status.  ##
## ----------------------- ##

This file was extended by config.status 2.52, executed with
  CONFIG_FILES    = 
  CONFIG_HEADERS  = 
  CONFIG_LINKS    = 
  CONFIG_COMMANDS = 
  > ./config.status config.h
on linfinit

config.status:15973: creating config.h
config.status:16114: config.h is unchanged
