> e1=clifford("{1}")
> sqrt_e1=sqrt(e1)
> print sqrt_e1
0.5+0.5{1}-0.5{2,3}+0.5{1,2,3}
> print sqrt_e1*sqrt_e1
1{1}
> print sqrt_e1*sqrt_e1-e1
0
> log_e1=log(e1)
> print log_e1
-1.571{2,3}+1.571{1,2,3}
> print exp(log_e1)
{1}
> print exp(log_e1)-e1
0
> v=clifford("-2{1}+2{2}-3{3}")
> sqrt_v=sqrt(v)
> print sqrt_v
1.015-0.4925{1}+0.4925{2}-0.7387{3}+0.7387{1,2}+0.4925{1,3}+0.4925{2,3}+1.015{1,2,3}
> print sqrt_v*sqrt_v
-2{1}+2{2}-3{3}
> print sqrt_v*sqrt_v-v
0
> log_v=log(v)
> print log_v
1.417+1.143{1,2}+0.7619{1,3}+0.7619{2,3}+1.571{1,2,3}
> print exp(log_v)
-2{1}+2{2}-3{3}
> print exp(log_v)-v
0
> x=clifford("-2{1}+2{2}-3{3}+4{-1,1,2}")
> sqrt_x=sqrt(x)
> print sqrt_x
1.131-0.3266{1}+0.3266{2}-0.6925{3}+0.1655{-1,1}+0.1655{-1,2}-0.1013{1,4}+0.1013{2,4}-0.7883{3,4}+0.7883{-1,1,2}+0.1013{-1,1,3}+0.1013{-1,2,3}-0.1655{1,3,4}+0.1655{2,3,4}-0.6925{-1,1,2,4}-0.3266{-1,1,3,4}-0.3266{-1,2,3,4}+1.131{-1,1,2,3,4}
> print sqrt_x*sqrt_x
-2{1}+2{2}-3{3}+4{-1,1,2}
> print sqrt_x*sqrt_x-x
0
> log_x=log(x)
> print log_x
0.5413-0.5721{1}+0.5721{2}-0.4839{3}-0.2778{-1,1}-0.2778{-1,2}+0.8947{-1,1,2}-0.1871{-1,1,3}-0.1871{-1,2,3}
> print exp(log_x)
3.218-1.1{1}+1.1{2}-1.013{3}+0.4254{-1,1}+0.4254{-1,2}+1.776{-1,1,2}-0.3184{-1,1,3}-0.3184{-1,2,3}
> print exp(log_x)-x
3.218+0.8998{1}-0.8998{2}+1.987{3}+0.4254{-1,1}+0.4254{-1,2}-2.224{-1,1,2}-0.3184{-1,1,3}-0.3184{-1,2,3}
> pq=lambda p,q:index_set(str(range(-q,p+1)).replace('[','{').replace(']','}'))
> x=random_clifford(pq(2,1))
> print x
-0.1037+0.08951{-1}-0.02018{1}-0.5085{2}+0.02991{-1,1}+0.3508{-1,2}+0.03778{1,2}-0.322{-1,1,2}
> sqrt_x=sqrt(x)
> print sqrt_x
-0.3341-0.05608{-1}-0.05741{1}+0.2826{2}-0.1154{-1,1}-0.187{-1,2}-0.03801{1,2}+0.09537{3,4}+0.1234{-1,1,2}+0.0108{-1,3,4}+0.2405{1,3,4}+0.0635{2,3,4}+0.3388{-1,1,3,4}-0.07141{-1,2,3,4}+0.05429{1,2,3,4}+0.4118{-1,1,2,3,4}
> print sqrt_x*sqrt_x
-0.1037+0.08951{-1}-0.02018{1}-0.5085{2}+0.02991{-1,1}+0.3508{-1,2}+0.03778{1,2}-0.322{-1,1,2}
> print sqrt_x*sqrt_x-x
0
> log_x=log(x)
> print log_x
2.026+0.1866{-1}-1.759{1}-1.942{2}-2.306{-1,1}+1.535{-1,2}-0.2726{1,2}+3.359{-1,1,2}+3.142{-1,1,2,3,4}
> print exp(log_x)
-1.155e+04-990.2{-1}+7102{1}+9161{2}+9161{-1,1}-7102{-1,2}+990.3{1,2}-1.155e+04{-1,1,2}
> print exp(log_x)-x
-1.155e+04-990.3{-1}+7102{1}+9162{2}+9161{-1,1}-7103{-1,2}+990.2{1,2}-1.155e+04{-1,1,2}
