framed_multi<double>
Clifford algebra transform test:
Cl( 1, 0) in Cl(12, 0) CPU = mm:       1.30 (old)     680.00 (new) fm:    5230.00 (old)     710.00 (new)  diff: old: 5.65e-16 new: 0.00e+00 fm: 0.00e+00 mm: 7.78e-16
Cl( 2, 0) in Cl(12, 0) CPU = mm:       3.20 (old)     690.00 (new) fm:    5240.00 (old)     710.00 (new)  diff: old: 1.26e-15 new: 0.00e+00 fm: 0.00e+00 mm: 9.83e-16
Cl( 3, 0) in Cl(12, 0) CPU = mm:       8.50 (old)     690.00 (new) fm:    5260.00 (old)     750.00 (new)  diff: old: 1.34e-15 new: 1.15e-16 fm: 0.00e+00 mm: 1.51e-15
Cl( 4, 0) in Cl(12, 0) CPU = mm:      25.76 (old)     690.00 (new) fm:    5260.00 (old)     730.00 (new)  diff: old: 2.50e-15 new: 1.69e-16 fm: 0.00e+00 mm: 1.67e-15
Cl( 5, 0) in Cl(12, 0) CPU = mm:      78.18 (old)     710.00 (new) fm:    5370.00 (old)     710.00 (new)  diff: old: 2.23e-15 new: 1.23e-16 fm: 0.00e+00 mm: 1.47e-15
Cl( 6, 0) in Cl(12, 0) CPU = mm:     273.33 (old)     740.00 (new) fm:    5420.00 (old)     730.00 (new)  diff: old: 2.65e-15 new: 1.78e-16 fm: 0.00e+00 mm: 1.96e-15
Cl( 7, 0) in Cl(12, 0) CPU = mm:     660.00 (old)     770.00 (new) fm:    5450.00 (old)     770.00 (new)  diff: old: 2.78e-15 new: 2.02e-16 fm: 0.00e+00 mm: 2.02e-15
Cl( 8, 0) in Cl(12, 0) CPU = mm:    2440.00 (old)     850.00 (new) fm:    5650.00 (old)     840.00 (new)  diff: old: 2.03e-15 new: 2.08e-16 fm: 0.00e+00 mm: 2.03e-15
Cl( 9, 0) in Cl(12, 0) CPU = mm:    5910.00 (old)     940.00 (new) fm:    5720.00 (old)     930.00 (new)  diff: old: 1.89e-15 new: 3.21e-16 fm: 1.01e-16 mm: 1.90e-15
Cl(10, 0) in Cl(12, 0) CPU = mm:   13130.00 (old)    1110.00 (new) fm:    5640.00 (old)    1160.00 (new)  diff: old: 1.14e-15 new: 3.23e-16 fm: 1.33e-16 mm: 1.14e-15
Cl(11, 0) in Cl(12, 0) CPU = mm:   28160.00 (old)    1390.00 (new) fm:    5650.00 (old)    1640.00 (new)  diff: old: 7.93e-16 new: 4.88e-16 fm: 1.84e-16 mm: 8.07e-16
Cl(12, 0) in Cl(12, 0) CPU = mm:   58370.00 (old)    2050.00 (new) fm:    5680.00 (old)    2690.00 (new)  diff: old: 6.90e-16 new: 2.62e-16 fm: 2.74e-16 mm: 7.27e-16
Cl( 1, 0) in Cl( 6, 6) CPU = mm:       0.66 (old)     170.00 (new) fm:    2700.00 (old)     176.00 (new)  diff: old: 5.32e-16 new: 0.00e+00 fm: 0.00e+00 mm: 1.10e-15
Cl( 1, 1) in Cl( 6, 6) CPU = mm:       1.55 (old)     170.00 (new) fm:    2720.00 (old)     176.00 (new)  diff: old: 5.45e-16 new: 0.00e+00 fm: 0.00e+00 mm: 7.35e-16
Cl( 2, 1) in Cl( 6, 6) CPU = mm:       3.90 (old)     170.00 (new) fm:    2700.00 (old)     178.00 (new)  diff: old: 4.44e-16 new: 7.40e-17 fm: 0.00e+00 mm: 5.30e-16
Cl( 2, 2) in Cl( 6, 6) CPU = mm:       9.00 (old)     172.00 (new) fm:    2710.00 (old)     180.00 (new)  diff: old: 7.79e-16 new: 1.21e-16 fm: 1.16e-16 mm: 7.12e-16
Cl( 3, 2) in Cl( 6, 6) CPU = mm:      24.00 (old)     176.00 (new) fm:    2700.00 (old)     180.00 (new)  diff: old: 3.55e-16 new: 1.45e-16 fm: 6.46e-17 mm: 3.46e-16
Cl( 3, 3) in Cl( 6, 6) CPU = mm:      52.50 (old)     178.00 (new) fm:    2710.00 (old)     188.00 (new)  diff: old: 3.32e-16 new: 1.88e-16 fm: 1.35e-16 mm: 3.21e-16
Cl( 4, 3) in Cl( 6, 6) CPU = mm:     148.57 (old)     190.00 (new) fm:    2740.00 (old)     202.00 (new)  diff: old: 2.91e-16 new: 1.87e-16 fm: 9.36e-17 mm: 3.13e-16
Cl( 4, 4) in Cl( 6, 6) CPU = mm:     316.67 (old)     212.50 (new) fm:    2730.00 (old)     237.50 (new)  diff: old: 2.93e-16 new: 2.80e-16 fm: 1.69e-16 mm: 3.02e-16
Cl( 5, 4) in Cl( 6, 6) CPU = mm:    1010.00 (old)     263.33 (new) fm:    2770.00 (old)     320.00 (new)  diff: old: 3.70e-16 new: 3.13e-16 fm: 1.71e-16 mm: 3.91e-16
Cl( 5, 5) in Cl( 6, 6) CPU = mm:    2120.00 (old)     355.00 (new) fm:    2810.00 (old)     490.00 (new)  diff: old: 3.60e-16 new: 3.86e-16 fm: 2.33e-16 mm: 3.81e-16
Cl( 6, 5) in Cl( 6, 6) CPU = mm:    7000.00 (old)     580.00 (new) fm:    2870.00 (old)     880.00 (new)  diff: old: 3.16e-16 new: 3.82e-16 fm: 2.37e-16 mm: 3.54e-16
Cl( 6, 6) in Cl( 6, 6) CPU = mm:   14500.00 (old)    1000.00 (new) fm:    2900.00 (old)    1740.00 (new)  diff: old: 4.08e-16 new: 3.44e-16 fm: 3.41e-16 mm: 4.49e-16
Cl( 1, 0) in Cl( 1, 0) CPU = mm:       0.10 (old)       0.14 (new) fm:       0.08 (old)       0.14 (new)  diff: old: 0.00e+00 new: 0.00e+00 fm: 0.00e+00 mm: 0.00e+00
Cl( 1, 1) in Cl( 1, 1) CPU = mm:       0.21 (old)       0.16 (new) fm:       0.18 (old)       0.16 (new)  diff: old: 7.80e-17 new: 7.80e-17 fm: 0.00e+00 mm: 0.00e+00
Cl( 2, 1) in Cl( 2, 1) CPU = mm:       0.54 (old)       0.83 (new) fm:       0.40 (old)       0.90 (new)  diff: old: 4.20e-17 new: 7.00e-18 fm: 0.00e+00 mm: 4.09e-17
Cl( 2, 2) in Cl( 2, 2) CPU = mm:       1.07 (old)       1.11 (new) fm:       0.82 (old)       1.30 (new)  diff: old: 8.97e-18 new: 8.68e-18 fm: 6.51e-17 mm: 6.28e-17
Cl( 3, 2) in Cl( 3, 2) CPU = mm:       3.30 (old)       4.30 (new) fm:       1.83 (old)       5.12 (new)  diff: old: 2.87e-17 new: 1.20e-16 fm: 1.23e-16 mm: 1.22e-16
Cl( 3, 3) in Cl( 3, 3) CPU = mm:       6.90 (old)       6.30 (new) fm:       3.70 (old)       8.40 (new)  diff: old: 9.24e-17 new: 7.83e-17 fm: 9.57e-17 mm: 1.27e-16
Cl( 4, 3) in Cl( 4, 3) CPU = mm:      30.30 (old)      22.40 (new) fm:       8.60 (old)      28.18 (new)  diff: old: 1.14e-16 new: 6.11e-17 fm: 1.25e-16 mm: 1.70e-16
Cl( 4, 4) in Cl( 4, 4) CPU = mm:      63.75 (old)      35.15 (new) fm:      17.60 (old)      51.50 (new)  diff: old: 1.63e-16 new: 1.49e-16 fm: 1.55e-16 mm: 1.87e-16
Cl( 5, 4) in Cl( 5, 4) CPU = mm:     495.00 (old)     113.33 (new) fm:     153.33 (old)     160.00 (new)  diff: old: 2.28e-16 new: 1.54e-16 fm: 1.55e-16 mm: 2.48e-16
Cl( 5, 5) in Cl( 5, 5) CPU = mm:    1040.00 (old)     188.00 (new) fm:     330.00 (old)     306.67 (new)  diff: old: 2.30e-16 new: 1.94e-16 fm: 1.98e-16 mm: 2.51e-16
Cl( 6, 5) in Cl( 6, 5) CPU = mm:    6980.00 (old)     570.00 (new) fm:    1340.00 (old)     880.00 (new)  diff: old: 3.13e-16 new: 2.26e-16 fm: 2.35e-16 mm: 3.43e-16
Cl( 6, 6) in Cl( 6, 6) CPU = mm:   14510.00 (old)    1000.00 (new) fm:    2900.00 (old)    1740.00 (new)  diff: old: 3.37e-16 new: 2.84e-16 fm: 3.01e-16 mm: 3.93e-16
matrix_multi<double>
Clifford algebra transform test:
Cl( 1, 0) in Cl(12, 0) CPU = mm:    5290.00 (old)       0.02 (new) fm:    5230.00 (old)     700.00 (new)  diff: old: 2.70e-15 new: 0.00e+00 fm: 1.73e-15 mm: 4.21e-15
Cl( 2, 0) in Cl(12, 0) CPU = mm:    5440.00 (old)       0.03 (new) fm:    5240.00 (old)     700.00 (new)  diff: old: 1.41e-15 new: 4.58e-17 fm: 1.18e-15 mm: 1.99e-15
Cl( 3, 0) in Cl(12, 0) CPU = mm:    5690.00 (old)       0.06 (new) fm:    5250.00 (old)     700.00 (new)  diff: old: 1.55e-15 new: 3.54e-17 fm: 1.79e-15 mm: 2.89e-15
Cl( 4, 0) in Cl(12, 0) CPU = mm:    6290.00 (old)       0.12 (new) fm:    5280.00 (old)     710.00 (new)  diff: old: 8.18e-16 new: 7.53e-17 fm: 1.41e-15 mm: 1.89e-15
Cl( 5, 0) in Cl(12, 0) CPU = mm:    8150.00 (old)       0.56 (new) fm:    5370.00 (old)     720.00 (new)  diff: old: 1.93e-15 new: 1.82e-16 fm: 2.56e-15 mm: 3.91e-15
Cl( 6, 0) in Cl(12, 0) CPU = mm:   16970.00 (old)       1.86 (new) fm:    5480.00 (old)     750.00 (new)  diff: old: 1.81e-15 new: 1.40e-16 fm: 1.57e-15 mm: 2.81e-15
Cl( 7, 0) in Cl(12, 0) CPU = mm:   16860.00 (old)       1.90 (new) fm:    5470.00 (old)     770.00 (new)  diff: old: 1.87e-15 new: 1.35e-16 fm: 2.37e-15 mm: 3.42e-15
Cl( 8, 0) in Cl(12, 0) CPU = mm:   54870.00 (old)       4.63 (new) fm:    5830.00 (old)     840.00 (new)  diff: old: 1.14e-15 new: 2.40e-16 fm: 2.18e-15 mm: 3.01e-15
Cl( 9, 0) in Cl(12, 0) CPU = mm:   53130.00 (old)       4.60 (new) fm:    5730.00 (old)     940.00 (new)  diff: old: 7.53e-16 new: 3.15e-16 fm: 1.23e-15 mm: 1.80e-15
Cl(10, 0) in Cl(12, 0) CPU = mm:   56170.00 (old)       4.58 (new) fm:    5850.00 (old)    1170.00 (new)  diff: old: 8.11e-16 new: 2.80e-16 fm: 8.93e-16 mm: 1.49e-15
Cl(11, 0) in Cl(12, 0) CPU = mm:   61110.00 (old)       4.60 (new) fm:    5850.00 (old)    1640.00 (new)  diff: old: 7.71e-16 new: 4.49e-16 fm: 8.74e-16 mm: 1.47e-15
Cl(12, 0) in Cl(12, 0) CPU = mm:   63000.00 (old)       4.72 (new) fm:    5850.00 (old)    2710.00 (new)  diff: old: 7.68e-16 new: 2.31e-16 fm: 9.43e-16 mm: 1.53e-15
Cl( 1, 0) in Cl( 6, 6) CPU = mm:    2720.00 (old)       0.02 (new) fm:    2710.00 (old)     178.00 (new)  diff: old: 1.23e-15 new: 0.00e+00 fm: 1.14e-15 mm: 1.63e-15
Cl( 1, 1) in Cl( 6, 6) CPU = mm:    2760.00 (old)       0.01 (new) fm:    2710.00 (old)     178.00 (new)  diff: old: 6.15e-16 new: 7.60e-17 fm: 4.38e-16 mm: 9.89e-16
Cl( 2, 1) in Cl( 6, 6) CPU = mm:    2870.00 (old)       0.02 (new) fm:    2700.00 (old)     178.00 (new)  diff: old: 4.53e-16 new: 8.85e-17 fm: 4.48e-16 mm: 8.49e-16
Cl( 2, 2) in Cl( 6, 6) CPU = mm:    2900.00 (old)       0.01 (new) fm:    2710.00 (old)     180.00 (new)  diff: old: 2.67e-16 new: 1.52e-16 fm: 4.71e-16 mm: 6.66e-16
Cl( 3, 2) in Cl( 6, 6) CPU = mm:    3170.00 (old)       0.02 (new) fm:    2740.00 (old)     180.00 (new)  diff: old: 5.47e-16 new: 1.67e-16 fm: 4.44e-16 mm: 8.42e-16
Cl( 3, 3) in Cl( 6, 6) CPU = mm:    3180.00 (old)       0.03 (new) fm:    2730.00 (old)     188.00 (new)  diff: old: 3.75e-16 new: 2.18e-16 fm: 3.90e-16 mm: 6.86e-16
Cl( 4, 3) in Cl( 6, 6) CPU = mm:    4060.00 (old)       0.06 (new) fm:    2730.00 (old)     204.00 (new)  diff: old: 4.69e-16 new: 2.45e-16 fm: 4.38e-16 mm: 8.27e-16
Cl( 4, 4) in Cl( 6, 6) CPU = mm:    4090.00 (old)       0.05 (new) fm:    2770.00 (old)     240.00 (new)  diff: old: 2.71e-16 new: 2.90e-16 fm: 2.99e-16 mm: 4.35e-16
Cl( 5, 4) in Cl( 6, 6) CPU = mm:    6480.00 (old)       0.13 (new) fm:    2800.00 (old)     320.00 (new)  diff: old: 3.01e-16 new: 3.13e-16 fm: 2.91e-16 mm: 4.76e-16
Cl( 5, 5) in Cl( 6, 6) CPU = mm:    6850.00 (old)       0.20 (new) fm:    2780.00 (old)     495.00 (new)  diff: old: 3.37e-16 new: 3.62e-16 fm: 3.14e-16 mm: 5.02e-16
Cl( 6, 5) in Cl( 6, 6) CPU = mm:   16550.00 (old)       0.54 (new) fm:    2910.00 (old)     880.00 (new)  diff: old: 3.19e-16 new: 3.62e-16 fm: 3.20e-16 mm: 5.21e-16
Cl( 6, 6) in Cl( 6, 6) CPU = mm:   16900.00 (old)       0.56 (new) fm:    2880.00 (old)    1750.00 (new)  diff: old: 3.40e-16 new: 2.57e-16 fm: 3.63e-16 mm: 5.18e-16
Cl( 1, 0) in Cl( 1, 0) CPU = mm:       0.20 (old)       0.01 (new) fm:       0.08 (old)       0.14 (new)  diff: old: 0.00e+00 new: 0.00e+00 fm: 0.00e+00 mm: 0.00e+00
Cl( 1, 1) in Cl( 1, 1) CPU = mm:       0.41 (old)       0.01 (new) fm:       0.18 (old)       0.17 (new)  diff: old: 0.00e+00 new: 3.32e-17 fm: 3.32e-17 mm: 0.00e+00
Cl( 2, 1) in Cl( 2, 1) CPU = mm:       0.95 (old)       0.01 (new) fm:       0.41 (old)       0.92 (new)  diff: old: 2.44e-17 new: 3.67e-17 fm: 5.60e-17 mm: 8.47e-17
Cl( 2, 2) in Cl( 2, 2) CPU = mm:       1.80 (old)       0.01 (new) fm:       0.83 (old)       1.31 (new)  diff: old: 2.46e-17 new: 8.11e-17 fm: 6.06e-17 mm: 9.08e-17
Cl( 3, 2) in Cl( 3, 2) CPU = mm:       5.09 (old)       0.01 (new) fm:       1.82 (old)       5.10 (new)  diff: old: 6.46e-17 new: 1.08e-16 fm: 1.23e-16 mm: 1.48e-16
Cl( 3, 3) in Cl( 3, 3) CPU = mm:      10.50 (old)       0.01 (new) fm:       3.70 (old)       8.45 (new)  diff: old: 9.87e-17 new: 1.22e-16 fm: 1.27e-16 mm: 1.65e-16
Cl( 4, 3) in Cl( 4, 3) CPU = mm:      38.18 (old)       0.02 (new) fm:       8.60 (old)      28.18 (new)  diff: old: 1.56e-16 new: 1.39e-16 fm: 1.79e-16 mm: 2.11e-16
Cl( 4, 4) in Cl( 4, 4) CPU = mm:      79.29 (old)       0.02 (new) fm:      17.70 (old)      51.50 (new)  diff: old: 1.65e-16 new: 1.36e-16 fm: 1.78e-16 mm: 2.51e-16
Cl( 5, 4) in Cl( 5, 4) CPU = mm:     620.00 (old)       0.06 (new) fm:     153.33 (old)     160.00 (new)  diff: old: 1.84e-16 new: 1.37e-16 fm: 1.76e-16 mm: 2.74e-16
Cl( 5, 5) in Cl( 5, 5) CPU = mm:    1330.00 (old)       0.06 (new) fm:     330.00 (old)     310.00 (new)  diff: old: 2.65e-16 new: 2.17e-16 fm: 2.48e-16 mm: 3.50e-16
Cl( 6, 5) in Cl( 6, 5) CPU = mm:    8040.00 (old)       0.52 (new) fm:    1340.00 (old)     880.00 (new)  diff: old: 2.77e-16 new: 2.07e-16 fm: 2.59e-16 mm: 4.11e-16
Cl( 6, 6) in Cl( 6, 6) CPU = mm:   16790.00 (old)       0.49 (new) fm:    2870.00 (old)    1750.00 (new)  diff: old: 4.30e-16 new: 3.34e-16 fm: 4.22e-16 mm: 6.26e-16
